<?xml version="1.0" encoding="UTF-8"?>
<!-- Generated by org.testng.reporters.JUnitXMLReporter -->
<testsuite hostname="Neupane-PC" ignored="0" name="Default test" tests="2" failures="0" timestamp="10 Apr 2018 17:44:34 GMT" time="9.385" errors="0">
  <testcase name="tc_01_positiveLoginTest" time="0.708" classname="com.testcases.manager.TS_03_ChangePassword"/>
  <testcase name="tc_03_negativeChangePassword" time="2.717" classname="com.testcases.manager.TS_03_ChangePassword"/>
</testsuite> <!-- Default test -->
